ffmpeg -start_number 1 -y -i static/frames/frame%04d.jpg -vframes 15 -r 20 static/video/preview_726276.webm
ffmpeg -start_number 106 -y -i static/frames/frame%04d.jpg -vframes 15 -r 20 static/video/preview_10247.webm
ffmpeg -start_number 106 -y -i static/frames/frame%04d.jpg -vframes 15 -r 20 static/video/preview_847024.webm
ffmpeg -start_number 61 -y -i static/frames/frame%04d.jpg -vframes 60 -r 20 static/video/preview_607914.webm
ffmpeg -start_number 106 -y -i static/frames/frame%04d.jpg -vframes 15 -r 20 static/video/preview_342691.webm
ffmpeg -start_number 106 -y -i static/frames/frame%04d.jpg -vframes 15 -r 20 static/video/preview_526787.webm
ffmpeg -start_number 106 -y -i static/frames/frame%04d.jpg -vframes 15 -r 20 static/video/preview_864864.webm
ffmpeg -start_number 106 -y -i static/frames/frame%04d.jpg -vframes 15 -r 20 static/video/preview_307960.webm
ffmpeg -start_number 106 -y -i static/frames/frame%04d.jpg -vframes 15 -r 20 static/video/preview_285573.webm
ffmpeg -start_number 107 -y -i static/frames/frame%04d.jpg -vframes 15 -r 20 static/video/preview_301781.webm
ffmpeg -start_number 107 -y -i static/frames/frame%04d.jpg -vframes 15 -r 20 static/video/preview_774575.webm
ffmpeg -start_number 106 -y -i static/frames/frame%04d.jpg -vframes 15 -r 20 static/video/preview_710210.webm
ffmpeg -start_number 106 -y -i static/frames/frame%04d.jpg -vframes 15 -r 20 static/video/preview_956544.webm
ffmpeg -start_number 91 -y -i static/frames/frame%04d.jpg -vframes 30 -r 20 static/video/preview_423246.webm
ffmpeg -start_number 91 -y -i static/frames/frame%04d.jpg -vframes 30 -r 20 -b:v 1K static/video/preview_12787.webm
ffmpeg -start_number 91 -y -i static/frames/frame%04d.jpg -vframes 30 -r 20 -b:v 1K static/video/preview_565982.webm
ffmpeg -start_number 61 -y -i static/frames/frame%04d.jpg -vframes 60 -r 20 -b:v 1K static/video/preview_314371.webm
ffmpeg -start_number 61 -y -i static/frames/frame%04d.jpg -vframes 60 -r 20 -b:v 100B static/video/preview_402451.webm
ffmpeg -start_number 106 -y -i static/frames/frame%04d.jpg -vframes 15 -r 20 -b:v 10B static/video/preview_206357.webm
ffmpeg -start_number 106 -y -i static/frames/frame%04d.jpg -vframes 15 -r 20 -b:v 10B -bufsize 100B static/video/preview_801923.webm
ffmpeg -start_number 106 -y -i static/frames/frame%04d.jpg -vframes 15 -r 20 -b:v 10B -bufsize 100B -maxrate 100B static/video/preview_257274.webm
ffmpeg -start_number 106 -y -i static/frames/frame%04d.jpg -vframes 15 -r 20 -b:v 10B -bufsize 1B -maxrate 1B static/video/preview_1046744.webm
ffmpeg -start_number 106 -y -i static/frames/frame%04d.jpg -vframes 15 -r 20 -b:v 1B -bufsize 1B -maxrate 1B static/video/preview_976497.webm
ffmpeg -start_number 106 -y -i static/frames/frame%04d.jpg -vframes 15 -r 20 static/video/preview_877314.webm
ffmpeg -start_number 91 -y -i static/frames/frame%04d.jpg -vframes 30 -r 20 static/video/preview_792785.webm
ffmpeg -start_number 61 -y -i static/frames/frame%04d.jpg -vframes 60 -r 20 static/video/preview_247153.webm
ffmpeg -start_number 61 -y -i static/frames/frame%04d.jpg -vframes 60 -r 20 static/video/preview_561199.webm
ffmpeg -start_number 61 -y -i static/frames/frame%04d.jpg -vframes 60 -r 5 static/video/preview_568816.webm
ffmpeg -start_number 106 -y -i static/frames/frame%04d.jpg -vframes 15 -r 10 static/video/preview_837381.webm
ffmpeg -start_number 1 -y -i static/frames/frame%04d.jpg -vframes 15 -r 10 static/video/preview_1012674.webm
ffmpeg -start_number 1 -y -i static/frames/frame%04d.jpg -vframes 15 -r 10 static/video/preview_977662.webm
ffmpeg -start_number 1 -y -i static/frames/frame%04d.jpg -vframes 15 -r 10 static/video/preview_43691.webm
ffmpeg -start_number 1 -y -i static/frames/frame%04d.jpg -vframes 15 -r 5 static/video/preview_469668.webm
ffmpeg -start_number 1 -y -i static/frames/frame%04d.jpg -vframes 15 -r 5 static/video/preview_251342.webm
ffmpeg -start_number 8 -y -i static/frames/frame%04d.jpg -vframes 15 -r 5 static/video/preview_216314.webm
ffmpeg -start_number 25 -y -i static/frames/frame%04d.jpg -vframes 15 -r 10 static/video/preview_796261.webm
ffmpeg -start_number 17 -y -i static/frames/frame%04d.jpg -vframes 30 -r 15 static/video/preview_46716.webm
ffmpeg -start_number 29 -y -i static/frames/frame%04d.jpg -vframes 30 -r 5 static/video/preview_505423.webm
ffmpeg -start_number 35 -y -i static/frames/frame%04d.jpg -vframes 30 -r 10 static/video/preview_337863.webm
ffmpeg -start_number 47 -y -i static/frames/frame%04d.jpg -vframes 30 -r 10 static/video/preview_526345.webm
ffmpeg -start_number 21 -y -i static/frames/frame%04d.jpg -vframes 60 -r 10 static/video/preview_220954.webm
ffmpeg -start_number 31 -y -i static/frames/frame%04d.jpg -vframes 60 -r 10 static/video/preview_1010744.webm
ffmpeg -r 10 -start_number 61 -y -i static/frames/frame%04d.jpg -vframes 60 static/video/preview_122683.webm
ffmpeg -r 5 -start_number 106 -y -i static/frames/frame%04d.jpg -vframes 15 static/video/preview_979478.webm
ffmpeg -r 5 -start_number 91 -y -i static/frames/frame%04d.jpg -vframes 30 static/video/preview_790175.webm
ffmpeg -r 5 -start_number 91 -y -i static/frames/frame%04d.jpg -vframes 30 static/video/preview_81673.webm
ffmpeg -r 5 -start_number 91 -y -i static/frames/frame%04d.jpg -vframes 30 static/video/preview_40103.webm
ffmpeg -r 5 -start_number 106 -y -i static/frames/frame%04d.jpg -vframes 15 static/video/preview_727951.webm
ffmpeg -r 5 -start_number 106 -y -i static/frames/frame%04d.jpg -vframes 15 static/video/preview_791349.webm
ffmpeg -r 5 -start_number 106 -y -i static/frames/frame%04d.jpg -vframes 15 static/video/preview_190999.webm
ffmpeg -r 5 -start_number 106 -y -i static/frames/frame%04d.jpg -vframes 15 static/video/preview_355931.webm
ffmpeg -r 5 -start_number 106 -y -i static/frames/frame%04d.jpg -vframes 15 static/video/preview_983049.webm
ffmpeg -r 5 -start_number 106 -y -i static/frames/frame%04d.jpg -vframes 15 static/video/preview_543091.webm
ffmpeg -r 5 -start_number 106 -y -i static/frames/frame%04d.jpg -vframes 15 static/video/preview_1029542.webm
ffmpeg -r 5 -start_number 106 -y -i static/frames/frame%04d.jpg -vframes 15 static/video/preview_495721.webm
ffmpeg -r 5 -start_number 106 -y -i static/frames/frame%04d.jpg -vframes 15 static/video/preview_201823.webm
ffmpeg -r 5 -start_number 106 -y -i static/frames/frame%04d.jpg -vframes 15 static/video/preview_463880.webm
ffmpeg -r 30 -start_number 106 -y -i static/frames/frame%04d.jpg -vframes 15 static/video/preview_232886.webm
ffmpeg -r 30 -start_number 1 -y -i static/frames/frame%04d.jpg -vframes 15 static/video/preview_416885.webm
ffmpeg -r 5 -start_number 1 -y -i static/frames/frame%04d.jpg -vframes 15 static/video/preview_762368.webm
ffmpeg -r 5 -start_number 1 -y -i static/frames/frame%04d.jpg -vframes 15 static/video/preview_487281.webm
